<?xml version="1.0" encoding="UTF-8"?>
<testng-results ignored="0" total="1" passed="0" failed="0" skipped="1">
  <reporter-output>
  </reporter-output>
  <suite started-at="2020-10-13T18:44:34Z" name="Default suite" finished-at="2020-10-13T18:44:51Z" duration-ms="16768">
    <groups>
    </groups>
    <test started-at="2020-10-13T18:44:34Z" name="Default test" finished-at="2020-10-13T18:44:51Z" duration-ms="16768">
      <class name="assignments.Redbus_e2e">
        <test-method is-config="true" signature="setup()[pri:0, instance:assignments.Redbus_e2e@290222c1]" started-at="2020-10-13T18:44:34Z" name="setup" finished-at="2020-10-13T18:44:51Z" duration-ms="16666" status="FAIL">
          <exception class="org.openqa.selenium.SessionNotCreatedException">
            <message>
              <![CDATA[session not created: This version of ChromeDriver only supports Chrome version 84
Build info: version: '3.141.59', revision: 'e82be7d358', time: '2018-11-14T08:25:48'
System info: host: 'DESKTOP-2AMNJBK', ip: '192.168.119.1', os.name: 'Windows 10', os.arch: 'amd64', os.version: '10.0', java.version: '13.0.2'
Driver info: driver.version: ChromeDriver
remote stacktrace: Backtrace:
Ordinal0 [0x009087E3+2852835]
Ordinal0 [0x007F5BB1+1727409]
Ordinal0 [0x006CE4B9+517305]
Ordinal0 [0x00660BA0+68512]
Ordinal0 [0x0065D3A0+54176]
Ordinal0 [0x0067D9F7+186871]
Ordinal0 [0x0067D7FD+186365]
Ordinal0 [0x0067B70B+177931]
Ordinal0 [0x00662584+75140]
Ordinal0 [0x00663650+79440]
Ordinal0 [0x006635E9+79337]
Ordinal0 [0x0080AD5C+1813852]
GetHandleVerifier [0x00A2C616+1075574]
GetHandleVerifier [0x00A2C367+1074887]
GetHandleVerifier [0x00A37497+1120247]
GetHandleVerifier [0x00A2CC16+1077110]
Ordinal0 [0x00803206+1782278]
Ordinal0 [0x0080C3BB+1819579]
Ordinal0 [0x0080C523+1819939]
Ordinal0 [0x00822B45+1911621]
BaseThreadInitThunk [0x767A6359+25]
RtlGetAppContainerNamedObjectPath [0x77517C24+228]
RtlGetAppContainerNamedObjectPath [0x77517BF4+180]
]]>
            </message>
            <full-stacktrace>
              <![CDATA[org.openqa.selenium.SessionNotCreatedException: session not created: This version of ChromeDriver only supports Chrome version 84
Build info: version: '3.141.59', revision: 'e82be7d358', time: '2018-11-14T08:25:48'
System info: host: 'DESKTOP-2AMNJBK', ip: '192.168.119.1', os.name: 'Windows 10', os.arch: 'amd64', os.version: '10.0', java.version: '13.0.2'
Driver info: driver.version: ChromeDriver
remote stacktrace: Backtrace:
Ordinal0 [0x009087E3+2852835]
Ordinal0 [0x007F5BB1+1727409]
Ordinal0 [0x006CE4B9+517305]
Ordinal0 [0x00660BA0+68512]
Ordinal0 [0x0065D3A0+54176]
Ordinal0 [0x0067D9F7+186871]
Ordinal0 [0x0067D7FD+186365]
Ordinal0 [0x0067B70B+177931]
Ordinal0 [0x00662584+75140]
Ordinal0 [0x00663650+79440]
Ordinal0 [0x006635E9+79337]
Ordinal0 [0x0080AD5C+1813852]
GetHandleVerifier [0x00A2C616+1075574]
GetHandleVerifier [0x00A2C367+1074887]
GetHandleVerifier [0x00A37497+1120247]
GetHandleVerifier [0x00A2CC16+1077110]
Ordinal0 [0x00803206+1782278]
Ordinal0 [0x0080C3BB+1819579]
Ordinal0 [0x0080C523+1819939]
Ordinal0 [0x00822B45+1911621]
BaseThreadInitThunk [0x767A6359+25]
RtlGetAppContainerNamedObjectPath [0x77517C24+228]
RtlGetAppContainerNamedObjectPath [0x77517BF4+180]

at java.base/jdk.internal.reflect.NativeConstructorAccessorImpl.newInstance0(Native Method)
at java.base/jdk.internal.reflect.NativeConstructorAccessorImpl.newInstance(NativeConstructorAccessorImpl.java:62)
at java.base/jdk.internal.reflect.DelegatingConstructorAccessorImpl.newInstance(DelegatingConstructorAccessorImpl.java:45)
at java.base/java.lang.reflect.Constructor.newInstanceWithCaller(Constructor.java:500)
at java.base/java.lang.reflect.Constructor.newInstance(Constructor.java:481)
at org.openqa.selenium.remote.W3CHandshakeResponse.lambda$errorHandler$0(W3CHandshakeResponse.java:62)
at org.openqa.selenium.remote.HandshakeResponse.lambda$getResponseFunction$0(HandshakeResponse.java:30)
at org.openqa.selenium.remote.ProtocolHandshake.lambda$createSession$0(ProtocolHandshake.java:126)
at java.base/java.util.stream.ReferencePipeline$3$1.accept(ReferencePipeline.java:195)
at java.base/java.util.Spliterators$ArraySpliterator.tryAdvance(Spliterators.java:958)
at java.base/java.util.stream.ReferencePipeline.forEachWithCancel(ReferencePipeline.java:127)
at java.base/java.util.stream.AbstractPipeline.copyIntoWithCancel(AbstractPipeline.java:502)
at java.base/java.util.stream.AbstractPipeline.copyInto(AbstractPipeline.java:488)
at java.base/java.util.stream.AbstractPipeline.wrapAndCopyInto(AbstractPipeline.java:474)
at java.base/java.util.stream.FindOps$FindOp.evaluateSequential(FindOps.java:150)
at java.base/java.util.stream.AbstractPipeline.evaluate(AbstractPipeline.java:234)
at java.base/java.util.stream.ReferencePipeline.findFirst(ReferencePipeline.java:543)
at org.openqa.selenium.remote.ProtocolHandshake.createSession(ProtocolHandshake.java:128)
at org.openqa.selenium.remote.ProtocolHandshake.createSession(ProtocolHandshake.java:74)
at org.openqa.selenium.remote.HttpCommandExecutor.execute(HttpCommandExecutor.java:136)
at org.openqa.selenium.remote.service.DriverCommandExecutor.execute(DriverCommandExecutor.java:83)
at org.openqa.selenium.remote.RemoteWebDriver.execute(RemoteWebDriver.java:552)
at org.openqa.selenium.remote.RemoteWebDriver.startSession(RemoteWebDriver.java:213)
at org.openqa.selenium.remote.RemoteWebDriver.<init>(RemoteWebDriver.java:131)
at org.openqa.selenium.chrome.ChromeDriver.<init>(ChromeDriver.java:181)
at org.openqa.selenium.chrome.ChromeDriver.<init>(ChromeDriver.java:168)
at org.openqa.selenium.chrome.ChromeDriver.<init>(ChromeDriver.java:157)
at assignments.Redbus_e2e.setup(Redbus_e2e.java:25)
at java.base/jdk.internal.reflect.NativeMethodAccessorImpl.invoke0(Native Method)
at java.base/jdk.internal.reflect.NativeMethodAccessorImpl.invoke(NativeMethodAccessorImpl.java:62)
at java.base/jdk.internal.reflect.DelegatingMethodAccessorImpl.invoke(DelegatingMethodAccessorImpl.java:43)
at java.base/java.lang.reflect.Method.invoke(Method.java:567)
at org.testng.internal.MethodInvocationHelper.invokeMethod(MethodInvocationHelper.java:124)
at org.testng.internal.MethodInvocationHelper.invokeMethodConsideringTimeout(MethodInvocationHelper.java:59)
at org.testng.internal.Invoker.invokeConfigurationMethod(Invoker.java:458)
at org.testng.internal.Invoker.invokeConfigurations(Invoker.java:222)
at org.testng.internal.Invoker.invokeConfigurations(Invoker.java:142)
at org.testng.internal.TestMethodWorker.invokeBeforeClassMethods(TestMethodWorker.java:168)
at org.testng.internal.TestMethodWorker.run(TestMethodWorker.java:105)
at org.testng.TestRunner.privateRun(TestRunner.java:648)
at org.testng.TestRunner.run(TestRunner.java:505)
at org.testng.SuiteRunner.runTest(SuiteRunner.java:455)
at org.testng.SuiteRunner.runSequentially(SuiteRunner.java:450)
at org.testng.SuiteRunner.privateRun(SuiteRunner.java:415)
at org.testng.SuiteRunner.run(SuiteRunner.java:364)
at org.testng.SuiteRunnerWorker.runSuite(SuiteRunnerWorker.java:52)
at org.testng.SuiteRunnerWorker.run(SuiteRunnerWorker.java:84)
at org.testng.TestNG.runSuitesSequentially(TestNG.java:1208)
at org.testng.TestNG.runSuitesLocally(TestNG.java:1137)
at org.testng.TestNG.runSuites(TestNG.java:1049)
at org.testng.TestNG.run(TestNG.java:1017)
at org.testng.remote.AbstractRemoteTestNG.run(AbstractRemoteTestNG.java:115)
at org.testng.remote.RemoteTestNG.initAndRun(RemoteTestNG.java:251)
at org.testng.remote.RemoteTestNG.main(RemoteTestNG.java:77)
]]>
            </full-stacktrace>
          </exception> <!-- org.openqa.selenium.SessionNotCreatedException -->
          <reporter-output>
          </reporter-output>
        </test-method> <!-- setup -->
        <test-method signature="testCalenderWithValidInputs()[pri:0, instance:assignments.Redbus_e2e@290222c1]" started-at="2020-10-13T18:44:51Z" name="testCalenderWithValidInputs" finished-at="2020-10-13T18:44:51Z" duration-ms="0" status="SKIP">
          <exception class="org.openqa.selenium.SessionNotCreatedException">
            <message>
              <![CDATA[session not created: This version of ChromeDriver only supports Chrome version 84
Build info: version: '3.141.59', revision: 'e82be7d358', time: '2018-11-14T08:25:48'
System info: host: 'DESKTOP-2AMNJBK', ip: '192.168.119.1', os.name: 'Windows 10', os.arch: 'amd64', os.version: '10.0', java.version: '13.0.2'
Driver info: driver.version: ChromeDriver
remote stacktrace: Backtrace:
Ordinal0 [0x009087E3+2852835]
Ordinal0 [0x007F5BB1+1727409]
Ordinal0 [0x006CE4B9+517305]
Ordinal0 [0x00660BA0+68512]
Ordinal0 [0x0065D3A0+54176]
Ordinal0 [0x0067D9F7+186871]
Ordinal0 [0x0067D7FD+186365]
Ordinal0 [0x0067B70B+177931]
Ordinal0 [0x00662584+75140]
Ordinal0 [0x00663650+79440]
Ordinal0 [0x006635E9+79337]
Ordinal0 [0x0080AD5C+1813852]
GetHandleVerifier [0x00A2C616+1075574]
GetHandleVerifier [0x00A2C367+1074887]
GetHandleVerifier [0x00A37497+1120247]
GetHandleVerifier [0x00A2CC16+1077110]
Ordinal0 [0x00803206+1782278]
Ordinal0 [0x0080C3BB+1819579]
Ordinal0 [0x0080C523+1819939]
Ordinal0 [0x00822B45+1911621]
BaseThreadInitThunk [0x767A6359+25]
RtlGetAppContainerNamedObjectPath [0x77517C24+228]
RtlGetAppContainerNamedObjectPath [0x77517BF4+180]
]]>
            </message>
            <full-stacktrace>
              <![CDATA[org.openqa.selenium.SessionNotCreatedException: session not created: This version of ChromeDriver only supports Chrome version 84
Build info: version: '3.141.59', revision: 'e82be7d358', time: '2018-11-14T08:25:48'
System info: host: 'DESKTOP-2AMNJBK', ip: '192.168.119.1', os.name: 'Windows 10', os.arch: 'amd64', os.version: '10.0', java.version: '13.0.2'
Driver info: driver.version: ChromeDriver
remote stacktrace: Backtrace:
Ordinal0 [0x009087E3+2852835]
Ordinal0 [0x007F5BB1+1727409]
Ordinal0 [0x006CE4B9+517305]
Ordinal0 [0x00660BA0+68512]
Ordinal0 [0x0065D3A0+54176]
Ordinal0 [0x0067D9F7+186871]
Ordinal0 [0x0067D7FD+186365]
Ordinal0 [0x0067B70B+177931]
Ordinal0 [0x00662584+75140]
Ordinal0 [0x00663650+79440]
Ordinal0 [0x006635E9+79337]
Ordinal0 [0x0080AD5C+1813852]
GetHandleVerifier [0x00A2C616+1075574]
GetHandleVerifier [0x00A2C367+1074887]
GetHandleVerifier [0x00A37497+1120247]
GetHandleVerifier [0x00A2CC16+1077110]
Ordinal0 [0x00803206+1782278]
Ordinal0 [0x0080C3BB+1819579]
Ordinal0 [0x0080C523+1819939]
Ordinal0 [0x00822B45+1911621]
BaseThreadInitThunk [0x767A6359+25]
RtlGetAppContainerNamedObjectPath [0x77517C24+228]
RtlGetAppContainerNamedObjectPath [0x77517BF4+180]

at java.base/jdk.internal.reflect.NativeConstructorAccessorImpl.newInstance0(Native Method)
at java.base/jdk.internal.reflect.NativeConstructorAccessorImpl.newInstance(NativeConstructorAccessorImpl.java:62)
at java.base/jdk.internal.reflect.DelegatingConstructorAccessorImpl.newInstance(DelegatingConstructorAccessorImpl.java:45)
at java.base/java.lang.reflect.Constructor.newInstanceWithCaller(Constructor.java:500)
at java.base/java.lang.reflect.Constructor.newInstance(Constructor.java:481)
at org.openqa.selenium.remote.W3CHandshakeResponse.lambda$errorHandler$0(W3CHandshakeResponse.java:62)
at org.openqa.selenium.remote.HandshakeResponse.lambda$getResponseFunction$0(HandshakeResponse.java:30)
at org.openqa.selenium.remote.ProtocolHandshake.lambda$createSession$0(ProtocolHandshake.java:126)
at java.base/java.util.stream.ReferencePipeline$3$1.accept(ReferencePipeline.java:195)
at java.base/java.util.Spliterators$ArraySpliterator.tryAdvance(Spliterators.java:958)
at java.base/java.util.stream.ReferencePipeline.forEachWithCancel(ReferencePipeline.java:127)
at java.base/java.util.stream.AbstractPipeline.copyIntoWithCancel(AbstractPipeline.java:502)
at java.base/java.util.stream.AbstractPipeline.copyInto(AbstractPipeline.java:488)
at java.base/java.util.stream.AbstractPipeline.wrapAndCopyInto(AbstractPipeline.java:474)
at java.base/java.util.stream.FindOps$FindOp.evaluateSequential(FindOps.java:150)
at java.base/java.util.stream.AbstractPipeline.evaluate(AbstractPipeline.java:234)
at java.base/java.util.stream.ReferencePipeline.findFirst(ReferencePipeline.java:543)
at org.openqa.selenium.remote.ProtocolHandshake.createSession(ProtocolHandshake.java:128)
at org.openqa.selenium.remote.ProtocolHandshake.createSession(ProtocolHandshake.java:74)
at org.openqa.selenium.remote.HttpCommandExecutor.execute(HttpCommandExecutor.java:136)
at org.openqa.selenium.remote.service.DriverCommandExecutor.execute(DriverCommandExecutor.java:83)
at org.openqa.selenium.remote.RemoteWebDriver.execute(RemoteWebDriver.java:552)
at org.openqa.selenium.remote.RemoteWebDriver.startSession(RemoteWebDriver.java:213)
at org.openqa.selenium.remote.RemoteWebDriver.<init>(RemoteWebDriver.java:131)
at org.openqa.selenium.chrome.ChromeDriver.<init>(ChromeDriver.java:181)
at org.openqa.selenium.chrome.ChromeDriver.<init>(ChromeDriver.java:168)
at org.openqa.selenium.chrome.ChromeDriver.<init>(ChromeDriver.java:157)
at assignments.Redbus_e2e.setup(Redbus_e2e.java:25)
at java.base/jdk.internal.reflect.NativeMethodAccessorImpl.invoke0(Native Method)
at java.base/jdk.internal.reflect.NativeMethodAccessorImpl.invoke(NativeMethodAccessorImpl.java:62)
at java.base/jdk.internal.reflect.DelegatingMethodAccessorImpl.invoke(DelegatingMethodAccessorImpl.java:43)
at java.base/java.lang.reflect.Method.invoke(Method.java:567)
at org.testng.internal.MethodInvocationHelper.invokeMethod(MethodInvocationHelper.java:124)
at org.testng.internal.MethodInvocationHelper.invokeMethodConsideringTimeout(MethodInvocationHelper.java:59)
at org.testng.internal.Invoker.invokeConfigurationMethod(Invoker.java:458)
at org.testng.internal.Invoker.invokeConfigurations(Invoker.java:222)
at org.testng.internal.Invoker.invokeConfigurations(Invoker.java:142)
at org.testng.internal.TestMethodWorker.invokeBeforeClassMethods(TestMethodWorker.java:168)
at org.testng.internal.TestMethodWorker.run(TestMethodWorker.java:105)
at org.testng.TestRunner.privateRun(TestRunner.java:648)
at org.testng.TestRunner.run(TestRunner.java:505)
at org.testng.SuiteRunner.runTest(SuiteRunner.java:455)
at org.testng.SuiteRunner.runSequentially(SuiteRunner.java:450)
at org.testng.SuiteRunner.privateRun(SuiteRunner.java:415)
at org.testng.SuiteRunner.run(SuiteRunner.java:364)
at org.testng.SuiteRunnerWorker.runSuite(SuiteRunnerWorker.java:52)
at org.testng.SuiteRunnerWorker.run(SuiteRunnerWorker.java:84)
at org.testng.TestNG.runSuitesSequentially(TestNG.java:1208)
at org.testng.TestNG.runSuitesLocally(TestNG.java:1137)
at org.testng.TestNG.runSuites(TestNG.java:1049)
at org.testng.TestNG.run(TestNG.java:1017)
at org.testng.remote.AbstractRemoteTestNG.run(AbstractRemoteTestNG.java:115)
at org.testng.remote.RemoteTestNG.initAndRun(RemoteTestNG.java:251)
at org.testng.remote.RemoteTestNG.main(RemoteTestNG.java:77)
]]>
            </full-stacktrace>
          </exception> <!-- org.openqa.selenium.SessionNotCreatedException -->
          <reporter-output>
          </reporter-output>
        </test-method> <!-- testCalenderWithValidInputs -->
        <test-method is-config="true" signature="tearDown()[pri:0, instance:assignments.Redbus_e2e@290222c1]" started-at="2020-10-13T18:44:51Z" name="tearDown" finished-at="2020-10-13T18:44:51Z" duration-ms="0" status="SKIP">
          <reporter-output>
          </reporter-output>
        </test-method> <!-- tearDown -->
      </class> <!-- assignments.Redbus_e2e -->
    </test> <!-- Default test -->
  </suite> <!-- Default suite -->
</testng-results>
